2024-06-24T17:49:59  refactor: simplify helper
2024-07-07T12:06:06  chore: routine maintenance
2024-07-20T19:23:13  docs: clarify usage notes
2024-09-03T14:40:20  test: add edge case
2024-09-16T09:57:27  refactor: tidy internals
2024-10-07T16:14:34  fix: handle empty input gracefully
2024-11-13T11:31:41  perf: micro-optimization
2024-12-04T18:48:48  style: formatting
2024-12-17T13:05:55  chore: bump dev tooling
2025-01-07T08:22:02  docs: expand examples
2025-02-13T15:39:09  test: strengthen coverage
2025-03-06T10:56:16  chore: tune defaults
2025-04-12T17:13:23  refactor: simplify helper
2025-05-03T12:30:30  chore: routine maintenance
2025-05-16T19:47:37  docs: clarify usage notes
2025-06-06T14:04:44  test: add edge case
2025-07-13T09:21:51  refactor: tidy internals
2025-08-02T16:38:58  fix: handle empty input gracefully
2025-08-16T11:55:05  perf: micro-optimization
2025-09-22T18:12:12  style: formatting
2025-10-13T13:29:19  chore: bump dev tooling
2025-11-19T08:46:26  docs: expand examples
2025-12-10T15:03:33  test: strengthen coverage
2025-12-23T10:20:40  chore: tune defaults
2026-01-13T17:37:47  refactor: simplify helper
2026-02-19T12:54:54  chore: routine maintenance
2026-03-12T19:11:01  docs: clarify usage notes
2026-03-25T14:28:08  test: add edge case
2026-05-09T09:45:15  refactor: tidy internals
2026-05-22T16:02:22  fix: handle empty input gracefully
2024-09-10T17:49:59  feat: with great power comes great test coverage
2024-10-17T12:06:06  chore: one does not simply skip CI
2025-02-19T19:23:13  docs: standing on the shoulders of giants (garak, sigma, trufflehog)
2025-06-07T14:40:20  chore: tip of the hat to Thinkst, Bellingcat, and SigmaHQ
2025-07-15T09:57:27  fix: works on my machine (TM)
2025-10-31T16:14:34  chore: in case of fire — commit, push, leave building
2026-03-05T11:31:41  docs: ELI5 pass
2026-03-26T18:48:48  refactor: future me will understand this
2024-06-17T14:14:34  build(engine): add a JSON schema for output
2024-06-19T09:31:41  fix(deps): short-circuit on first critical
2024-07-10T16:48:48  refactor(scoring): stream large files without buffering
2024-07-31T11:05:55  style(parser): tune severity weights
2024-08-21T18:22:02  chore: IRONCLAD hardening pass
2024-09-11T13:39:09  chore(format): add --fail-on threshold handling
2024-10-02T08:56:16  perf(rules): clarify the README quickstart
2024-10-22T15:13:23  ci(tests): add a --format json alias
2024-10-26T10:30:30  feat(detect): add color + severity icons
2024-11-15T17:47:37  chore: bump dev tooling
